<?xml version="1.0" encoding="UTF-8"?>
<!-- Generated by org.testng.reporters.JUnitReportReporter -->
<testsuite skipped="0" hostname="Vikash-PC" name="googleAPI.AddAndDeletePlaceXML" tests="1" failures="0" timestamp="27 Dec 2018 03:25:31 GMT" time="3.909" errors="0">
  <testcase name="PostRequest" time="3.909" classname="googleAPI.AddAndDeletePlaceXML"/>
</testsuite> <!-- googleAPI.AddAndDeletePlaceXML -->
