<?xml version="1.0" encoding="UTF-8"?>
<!-- Generated by org.testng.reporters.JUnitReportReporter -->
<testsuite skipped="0" hostname="Vikash-PC" name="googleAPI.SearchPlaceXML" tests="1" failures="0" timestamp="26 Dec 2018 18:03:49 GMT" time="3.356" errors="0">
  <testcase name="getRequest" time="3.356" classname="googleAPI.SearchPlaceXML"/>
</testsuite> <!-- googleAPI.SearchPlaceXML -->
