<?xml version="1.0" encoding="UTF-8"?>
<!-- Generated by org.testng.reporters.JUnitReportReporter -->
<testsuite skipped="0" hostname="Vikash-PC" name="googleAPI.AddAndDeletePlace" tests="1" failures="0" timestamp="26 Dec 2018 03:46:08 GMT" time="3.622" errors="0">
  <testcase name="PostRequest" time="3.622" classname="googleAPI.AddAndDeletePlace"/>
</testsuite> <!-- googleAPI.AddAndDeletePlace -->
