<?xml version="1.0" encoding="UTF-8"?>
<!-- Generated by org.testng.reporters.JUnitReportReporter -->
<testsuite skipped="0" hostname="DESKTOP-98NP3GG" name="googleAPI.AddPlace" tests="1" failures="0" timestamp="18 Feb 2019 03:03:29 GMT" time="5.914" errors="0">
  <testcase name="PostRequest" time="5.914" classname="googleAPI.AddPlace"/>
</testsuite> <!-- googleAPI.AddPlace -->
