<?xml version="1.0" encoding="UTF-8"?>
<!-- Generated by org.testng.reporters.JUnitReportReporter -->
<testsuite skipped="0" hostname="DESKTOP-98NP3GG" name="googleAPI.SearchAndFindAllPlace" tests="1" failures="0" timestamp="18 Feb 2019 02:54:15 GMT" time="6.799" errors="0">
  <testcase name="getRequest" time="6.799" classname="googleAPI.SearchAndFindAllPlace"/>
</testsuite> <!-- googleAPI.SearchAndFindAllPlace -->
