<?xml version="1.0" encoding="UTF-8"?>
<!-- Generated by org.testng.reporters.JUnitReportReporter -->
<testsuite skipped="0" hostname="Vikash-PC" name="googleAPI.SearchPlace" tests="1" failures="0" timestamp="27 Dec 2018 03:56:13 GMT" time="8.011" errors="0">
  <testcase name="getRequest" time="8.011" classname="googleAPI.SearchPlace"/>
</testsuite> <!-- googleAPI.SearchPlace -->
