<?xml version="1.0" encoding="UTF-8"?>
<!-- Generated by org.testng.reporters.JUnitReportReporter -->
<testsuite skipped="0" hostname="Vikash-PC" name="googleAPI.AddPlaceXML" tests="1" failures="0" timestamp="26 Dec 2018 18:22:17 GMT" time="4.658" errors="0">
  <testcase name="PostRequest" time="4.658" classname="googleAPI.AddPlaceXML"/>
</testsuite> <!-- googleAPI.AddPlaceXML -->
